<?xml version="1.0" encoding="UTF-8"?>
<testsuite name="org.zerock.sb.repository.DiaryRepositoryTests" tests="1" skipped="0" failures="0" errors="0" timestamp="2022-01-26T15:10:22" hostname="DESKTOP-HLUDKJR" time="0.159">
  <properties/>
  <testcase name="testSearch()" classname="org.zerock.sb.repository.DiaryRepositoryTests" time="0.159"/>
  <system-out><![CDATA[00:10:17.505 [Test worker] DEBUG org.springframework.test.context.BootstrapUtils - Instantiating CacheAwareContextLoaderDelegate from class [org.springframework.test.context.cache.DefaultCacheAwareContextLoaderDelegate]
00:10:17.514 [Test worker] DEBUG org.springframework.test.context.BootstrapUtils - Instantiating BootstrapContext using constructor [public org.springframework.test.context.support.DefaultBootstrapContext(java.lang.Class,org.springframework.test.context.CacheAwareContextLoaderDelegate)]
00:10:17.540 [Test worker] DEBUG org.springframework.test.context.BootstrapUtils - Instantiating TestContextBootstrapper for test class [org.zerock.sb.repository.DiaryRepositoryTests] from class [org.springframework.boot.test.context.SpringBootTestContextBootstrapper]
00:10:17.550 [Test worker] INFO org.springframework.boot.test.context.SpringBootTestContextBootstrapper - Neither @ContextConfiguration nor @ContextHierarchy found for test class [org.zerock.sb.repository.DiaryRepositoryTests], using SpringBootContextLoader
00:10:17.554 [Test worker] DEBUG org.springframework.test.context.support.AbstractContextLoader - Did not detect default resource location for test class [org.zerock.sb.repository.DiaryRepositoryTests]: class path resource [org/zerock/sb/repository/DiaryRepositoryTests-context.xml] does not exist
00:10:17.554 [Test worker] DEBUG org.springframework.test.context.support.AbstractContextLoader - Did not detect default resource location for test class [org.zerock.sb.repository.DiaryRepositoryTests]: class path resource [org/zerock/sb/repository/DiaryRepositoryTestsContext.groovy] does not exist
00:10:17.554 [Test worker] INFO org.springframework.test.context.support.AbstractContextLoader - Could not detect default resource locations for test class [org.zerock.sb.repository.DiaryRepositoryTests]: no resource found for suffixes {-context.xml, Context.groovy}.
00:10:17.555 [Test worker] INFO org.springframework.test.context.support.AnnotationConfigContextLoaderUtils - Could not detect default configuration classes for test class [org.zerock.sb.repository.DiaryRepositoryTests]: DiaryRepositoryTests does not declare any static, non-private, non-final, nested classes annotated with @Configuration.
00:10:17.591 [Test worker] DEBUG org.springframework.test.context.support.ActiveProfilesUtils - Could not find an 'annotation declaring class' for annotation type [org.springframework.test.context.ActiveProfiles] and class [org.zerock.sb.repository.DiaryRepositoryTests]
00:10:17.645 [Test worker] DEBUG org.springframework.context.annotation.ClassPathScanningCandidateComponentProvider - Identified candidate component class: file [C:\Users\h_031\eclipse-workspace\sb\build\classes\java\main\org\zerock\sb\SbApplication.class]
00:10:17.646 [Test worker] INFO org.springframework.boot.test.context.SpringBootTestContextBootstrapper - Found @SpringBootConfiguration org.zerock.sb.SbApplication for test class org.zerock.sb.repository.DiaryRepositoryTests
00:10:17.724 [Test worker] DEBUG org.springframework.boot.test.context.SpringBootTestContextBootstrapper - @TestExecutionListeners is not present for class [org.zerock.sb.repository.DiaryRepositoryTests]: using defaults.
00:10:17.724 [Test worker] INFO org.springframework.boot.test.context.SpringBootTestContextBootstrapper - Loaded default TestExecutionListener class names from location [META-INF/spring.factories]: [org.springframework.boot.test.autoconfigure.restdocs.RestDocsTestExecutionListener, org.springframework.boot.test.autoconfigure.web.client.MockRestServiceServerResetTestExecutionListener, org.springframework.boot.test.autoconfigure.web.servlet.MockMvcPrintOnlyOnFailureTestExecutionListener, org.springframework.boot.test.autoconfigure.web.servlet.WebDriverTestExecutionListener, org.springframework.boot.test.autoconfigure.webservices.client.MockWebServiceServerTestExecutionListener, org.springframework.boot.test.mock.mockito.MockitoTestExecutionListener, org.springframework.boot.test.mock.mockito.ResetMocksTestExecutionListener, org.springframework.test.context.web.ServletTestExecutionListener, org.springframework.test.context.support.DirtiesContextBeforeModesTestExecutionListener, org.springframework.test.context.event.ApplicationEventsTestExecutionListener, org.springframework.test.context.support.DependencyInjectionTestExecutionListener, org.springframework.test.context.support.DirtiesContextTestExecutionListener, org.springframework.test.context.transaction.TransactionalTestExecutionListener, org.springframework.test.context.jdbc.SqlScriptsTestExecutionListener, org.springframework.test.context.event.EventPublishingTestExecutionListener]
00:10:17.740 [Test worker] INFO org.springframework.boot.test.context.SpringBootTestContextBootstrapper - Using TestExecutionListeners: [org.springframework.test.context.web.ServletTestExecutionListener@2d10e0b1, org.springframework.test.context.support.DirtiesContextBeforeModesTestExecutionListener@1c98290c, org.springframework.test.context.event.ApplicationEventsTestExecutionListener@172ca72b, org.springframework.boot.test.mock.mockito.MockitoTestExecutionListener@5bda80bf, org.springframework.boot.test.autoconfigure.SpringBootDependencyInjectionTestExecutionListener@71e5f61d, org.springframework.test.context.support.DirtiesContextTestExecutionListener@2ce86164, org.springframework.test.context.transaction.TransactionalTestExecutionListener@5e8f9e2d, org.springframework.test.context.jdbc.SqlScriptsTestExecutionListener@51df223b, org.springframework.test.context.event.EventPublishingTestExecutionListener@fd46303, org.springframework.boot.test.autoconfigure.restdocs.RestDocsTestExecutionListener@60d8c0dc, org.springframework.boot.test.autoconfigure.web.client.MockRestServiceServerResetTestExecutionListener@4204541c, org.springframework.boot.test.autoconfigure.web.servlet.MockMvcPrintOnlyOnFailureTestExecutionListener@6a62689d, org.springframework.boot.test.autoconfigure.web.servlet.WebDriverTestExecutionListener@4602c2a9, org.springframework.boot.test.autoconfigure.webservices.client.MockWebServiceServerTestExecutionListener@60fa3495, org.springframework.boot.test.mock.mockito.ResetMocksTestExecutionListener@3e2822]
00:10:17.744 [Test worker] DEBUG org.springframework.test.context.support.AbstractDirtiesContextTestExecutionListener - Before test class: context [DefaultTestContext@34645867 testClass = DiaryRepositoryTests, testInstance = [null], testMethod = [null], testException = [null], mergedContextConfiguration = [WebMergedContextConfiguration@2484f433 testClass = DiaryRepositoryTests, locations = '{}', classes = '{class org.zerock.sb.SbApplication}', contextInitializerClasses = '[]', activeProfiles = '{}', propertySourceLocations = '{}', propertySourceProperties = '{org.springframework.boot.test.context.SpringBootTestContextBootstrapper=true}', contextCustomizers = set[org.springframework.boot.test.autoconfigure.actuate.metrics.MetricsExportContextCustomizerFactory$DisableMetricExportContextCustomizer@66ac5762, org.springframework.boot.test.autoconfigure.properties.PropertyMappingContextCustomizer@0, org.springframework.boot.test.autoconfigure.web.servlet.WebDriverContextCustomizerFactory$Customizer@6aa3a905, org.springframework.boot.test.context.filter.ExcludeFilterContextCustomizer@324a0017, org.springframework.boot.test.json.DuplicateJsonObjectContextCustomizerFactory$DuplicateJsonObjectContextCustomizer@7502291e, org.springframework.boot.test.mock.mockito.MockitoContextCustomizer@0, org.springframework.boot.test.web.client.TestRestTemplateContextCustomizer@5f0e9815, org.springframework.boot.test.context.SpringBootTestArgs@1, org.springframework.boot.test.context.SpringBootTestWebEnvironment@3e84448c], resourceBasePath = 'src/main/webapp', contextLoader = 'org.springframework.boot.test.context.SpringBootContextLoader', parent = [null]], attributes = map['org.springframework.test.context.web.ServletTestExecutionListener.activateListener' -> true]], class annotated with @DirtiesContext [false] with mode [null].
00:10:17.802 [Test worker] DEBUG org.springframework.test.context.support.TestPropertySourceUtils - Adding inlined properties to environment: {spring.jmx.enabled=false, org.springframework.boot.test.context.SpringBootTestContextBootstrapper=true}

  .   ____          _            __ _ _
 /\\ / ___'_ __ _ _(_)_ __  __ _ \ \ \ \
( ( )\___ | '_ | '_| | '_ \/ _` | \ \ \ \
 \\/  ___)| |_)| | | | | || (_| |  ) ) ) )
  '  |____| .__|_| |_|_| |_\__, | / / / /
 =========|_|==============|___/=/_/_/_/
 :: Spring Boot ::                (v2.5.5)

2022-01-27 00:10:18.017  WARN 9192 --- [    Test worker] ory$DuplicateJsonObjectContextCustomizer : 

Found multiple occurrences of org.json.JSONObject on the class path:

	jar:file:/C:/Users/h_031/.gradle/caches/modules-2/files-2.1/org.json/json/20210307/528c8df3757e8bcf151817b1d7b9b434f6aa08d5/json-20210307.jar!/org/json/JSONObject.class
	jar:file:/C:/Users/h_031/.gradle/caches/modules-2/files-2.1/com.vaadin.external.google/android-json/0.0.20131108.vaadin1/fa26d351fe62a6a17f5cda1287c1c6110dec413f/android-json-0.0.20131108.vaadin1.jar!/org/json/JSONObject.class

You may wish to exclude one of them to ensure predictable runtime behavior

2022-01-27 00:10:18.029  INFO 9192 --- [    Test worker] o.z.sb.repository.DiaryRepositoryTests   : Starting DiaryRepositoryTests using Java 11.0.11 on DESKTOP-HLUDKJR with PID 9192 (started by h_031 in C:\Users\h_031\eclipse-workspace\sb)
2022-01-27 00:10:18.030  INFO 9192 --- [    Test worker] o.z.sb.repository.DiaryRepositoryTests   : No active profile set, falling back to default profiles: default
2022-01-27 00:10:18.774  INFO 9192 --- [    Test worker] .s.d.r.c.RepositoryConfigurationDelegate : Bootstrapping Spring Data JPA repositories in DEFAULT mode.
2022-01-27 00:10:18.851  INFO 9192 --- [    Test worker] .s.d.r.c.RepositoryConfigurationDelegate : Finished Spring Data repository scanning in 69 ms. Found 5 JPA repository interfaces.
2022-01-27 00:10:19.153  INFO 9192 --- [    Test worker] trationDelegate$BeanPostProcessorChecker : Bean 'org.springframework.security.access.expression.method.DefaultMethodSecurityExpressionHandler@2415e4c7' of type [org.springframework.security.access.expression.method.DefaultMethodSecurityExpressionHandler] is not eligible for getting processed by all BeanPostProcessors (for example: not eligible for auto-proxying)
2022-01-27 00:10:19.164  INFO 9192 --- [    Test worker] trationDelegate$BeanPostProcessorChecker : Bean 'methodSecurityMetadataSource' of type [org.springframework.security.access.method.DelegatingMethodSecurityMetadataSource] is not eligible for getting processed by all BeanPostProcessors (for example: not eligible for auto-proxying)
2022-01-27 00:10:19.362  INFO 9192 --- [    Test worker] o.hibernate.jpa.internal.util.LogHelper  : HHH000204: Processing PersistenceUnitInfo [name: default]
2022-01-27 00:10:19.409  INFO 9192 --- [    Test worker] org.hibernate.Version                    : HHH000412: Hibernate ORM core version 5.4.32.Final
2022-01-27 00:10:19.540  INFO 9192 --- [    Test worker] o.hibernate.annotations.common.Version   : HCANN000001: Hibernate Commons Annotations {5.1.2.Final}
2022-01-27 00:10:19.636  INFO 9192 --- [    Test worker] com.zaxxer.hikari.HikariDataSource       : HikariPool-1 - Starting...
2022-01-27 00:10:19.880  INFO 9192 --- [    Test worker] com.zaxxer.hikari.HikariDataSource       : HikariPool-1 - Start completed.
2022-01-27 00:10:19.908  INFO 9192 --- [    Test worker] org.hibernate.dialect.Dialect            : HHH000400: Using dialect: org.hibernate.dialect.MySQL8Dialect
2022-01-27 00:10:20.605  INFO 9192 --- [    Test worker] o.h.e.t.j.p.i.JtaPlatformInitiator       : HHH000490: Using JtaPlatform implementation: [org.hibernate.engine.transaction.jta.platform.internal.NoJtaPlatform]
2022-01-27 00:10:20.613  INFO 9192 --- [    Test worker] j.LocalContainerEntityManagerFactoryBean : Initialized JPA EntityManagerFactory for persistence unit 'default'
2022-01-27 00:10:20.660  WARN 9192 --- [    Test worker] JpaBaseConfiguration$JpaWebConfiguration : spring.jpa.open-in-view is enabled by default. Therefore, database queries may be performed during view rendering. Explicitly configure spring.jpa.open-in-view to disable this warning
2022-01-27 00:10:21.185 DEBUG 9192 --- [    Test worker] .PrePostAnnotationSecurityMetadataSource : @org.springframework.security.access.prepost.PreAuthorize(value="isAuthenticated()") found on specific method: public void org.zerock.sb.controller.BoardController.register()
2022-01-27 00:10:21.201 DEBUG 9192 --- [    Test worker] m.DelegatingMethodSecurityMetadataSource : Caching method [CacheKey[org.zerock.sb.controller.BoardController; public void org.zerock.sb.controller.BoardController.register()]] with attributes [[authorize: 'isAuthenticated()', filter: 'null', filterTarget: 'null']]
2022-01-27 00:10:21.218 DEBUG 9192 --- [    Test worker] .PrePostAnnotationSecurityMetadataSource : @org.springframework.security.access.prepost.PreAuthorize(value="isAuthenticated()") found on specific method: public void org.zerock.sb.controller.BoardController.read(java.lang.Long,org.zerock.sb.dto.PageRequestDTO,org.springframework.ui.Model)
2022-01-27 00:10:21.218 DEBUG 9192 --- [    Test worker] m.DelegatingMethodSecurityMetadataSource : Caching method [CacheKey[org.zerock.sb.controller.BoardController; public void org.zerock.sb.controller.BoardController.read(java.lang.Long,org.zerock.sb.dto.PageRequestDTO,org.springframework.ui.Model)]] with attributes [[authorize: 'isAuthenticated()', filter: 'null', filterTarget: 'null']]
2022-01-27 00:10:21.903  INFO 9192 --- [    Test worker] o.s.b.a.w.s.WelcomePageHandlerMapping    : Adding welcome page: class path resource [static/index.html]
2022-01-27 00:10:22.296  INFO 9192 --- [    Test worker] o.zerock.sb.config.CustomSecurityConfig  : CustomSecurityConfig........configure........
2022-01-27 00:10:22.297  INFO 9192 --- [    Test worker] o.zerock.sb.config.CustomSecurityConfig  : CustomSecurityConfig........configure........
2022-01-27 00:10:22.297  INFO 9192 --- [    Test worker] o.zerock.sb.config.CustomSecurityConfig  : CustomSecurityConfig........configure........
2022-01-27 00:10:22.297  INFO 9192 --- [    Test worker] o.zerock.sb.config.CustomSecurityConfig  : CustomSecurityConfig........configure........
2022-01-27 00:10:22.363  INFO 9192 --- [    Test worker] o.s.s.web.DefaultSecurityFilterChain     : Will secure any request with [org.springframework.security.web.context.request.async.WebAsyncManagerIntegrationFilter@4af5c14c, org.springframework.security.web.context.SecurityContextPersistenceFilter@791dcda7, org.springframework.security.web.header.HeaderWriterFilter@750448fb, org.springframework.security.web.authentication.logout.LogoutFilter@42102827, org.zerock.sb.security.filter.TokenCheckFilter@58fadccb, org.zerock.sb.security.filter.TokenGenerateFilter@4607cbe2, org.springframework.security.web.authentication.UsernamePasswordAuthenticationFilter@6d4062fd, org.springframework.security.web.savedrequest.RequestCacheAwareFilter@43e9eddf, org.springframework.security.web.servletapi.SecurityContextHolderAwareRequestFilter@4fc00158, org.springframework.security.web.authentication.AnonymousAuthenticationFilter@74d4f542, org.springframework.security.web.session.SessionManagementFilter@4b60ff1c, org.springframework.security.web.access.ExceptionTranslationFilter@17fbbf0a]
2022-01-27 00:10:22.427  INFO 9192 --- [    Test worker] o.z.sb.repository.DiaryRepositoryTests   : Started DiaryRepositoryTests in 4.62 seconds (JVM running for 5.71)
Hibernate: 
    select
        diary0_.dno as col_0_0_,
        coalesce(sum(favorite1_.score),
        0) as col_1_0_,
        diary0_.dno as dno1_5_,
        diary0_.content as content2_5_,
        diary0_.mod_date as mod_date3_5_,
        diary0_.reg_date as reg_date4_5_,
        diary0_.title as title5_5_,
        diary0_.writer as writer6_5_ 
    from
        tbl_diary diary0_ 
    left outer join
        favorite favorite1_ 
            on (
                favorite1_.diary_dno=diary0_.dno
            ) 
    group by
        diary0_.dno 
    order by
        diary0_.dno desc limit ?
Hibernate: 
    select
        tags0_.diary_dno as diary_dn1_7_0_,
        tags0_.tags as tags2_7_0_ 
    from
        tbl_diary_tag tags0_ 
    where
        tags0_.diary_dno in (
            ?, ?, ?, ?
        )
Hibernate: 
    select
        pictures0_.diary_dno as diary_dn1_6_0_,
        pictures0_.file_name as file_nam2_6_0_,
        pictures0_.idx as idx3_6_0_,
        pictures0_.save_path as save_pat4_6_0_,
        pictures0_.uuid as uuid5_6_0_ 
    from
        tbl_diary_picture pictures0_ 
    where
        pictures0_.diary_dno in (
            ?, ?, ?, ?
        )
2022-01-27 00:10:22.593  INFO 9192 --- [    Test worker] o.z.sb.repository.DiaryRepositoryTests   : [Ljava.lang.Object;@1fcef7
2022-01-27 00:10:22.594  INFO 9192 --- [    Test worker] o.z.sb.repository.DiaryRepositoryTests   : -----------------------------
2022-01-27 00:10:22.594  INFO 9192 --- [    Test worker] o.z.sb.repository.DiaryRepositoryTests   : [Ljava.lang.Object;@2f341732
2022-01-27 00:10:22.594  INFO 9192 --- [    Test worker] o.z.sb.repository.DiaryRepositoryTests   : -----------------------------
2022-01-27 00:10:22.594  INFO 9192 --- [    Test worker] o.z.sb.repository.DiaryRepositoryTests   : [Ljava.lang.Object;@236a6a2a
2022-01-27 00:10:22.594  INFO 9192 --- [    Test worker] o.z.sb.repository.DiaryRepositoryTests   : -----------------------------
2022-01-27 00:10:22.594  INFO 9192 --- [    Test worker] o.z.sb.repository.DiaryRepositoryTests   : [Ljava.lang.Object;@2940eec0
2022-01-27 00:10:22.594  INFO 9192 --- [    Test worker] o.z.sb.repository.DiaryRepositoryTests   : -----------------------------
]]></system-out>
  <system-err><![CDATA[]]></system-err>
</testsuite>
